<?xml version="1.0" encoding="UTF-8"?>
<testng-results ignored="0" total="1" passed="1" failed="0" skipped="0">
  <reporter-output>
    <line>
      <![CDATA[No of rows are::10]]>
    </line>
    <line>
      <![CDATA[Incorrect user ID or password-----dashboard--------http://webapp.qedgetech.com/login.php]]>
    </line>
    <line>
      <![CDATA[Incorrect user ID or password-----dashboard--------http://webapp.qedgetech.com/login.php]]>
    </line>
    <line>
      <![CDATA[Username and password are Valid::dashboard------http://webapp.qedgetech.com/dashboard.php]]>
    </line>
    <line>
      <![CDATA[Incorrect user ID or password-----dashboard--------http://webapp.qedgetech.com/login.php]]>
    </line>
    <line>
      <![CDATA[Username and password are Valid::dashboard------http://webapp.qedgetech.com/dashboard.php]]>
    </line>
    <line>
      <![CDATA[Incorrect user ID or password-----dashboard--------http://webapp.qedgetech.com/login.php]]>
    </line>
    <line>
      <![CDATA[Incorrect user ID or password-----dashboard--------http://webapp.qedgetech.com/login.php]]>
    </line>
    <line>
      <![CDATA[Username and password are Valid::dashboard------http://webapp.qedgetech.com/dashboard.php]]>
    </line>
    <line>
      <![CDATA[Username and password are Valid::dashboard------http://webapp.qedgetech.com/dashboard.php]]>
    </line>
    <line>
      <![CDATA[Username and password are Valid::dashboard------http://webapp.qedgetech.com/dashboard.php]]>
    </line>
  </reporter-output>
  <suite started-at="2024-03-04T16:15:18 IST" name="Default suite" finished-at="2024-03-04T16:15:49 IST" duration-ms="31275">
    <groups>
    </groups>
    <test started-at="2024-03-04T16:15:18 IST" name="Default test" finished-at="2024-03-04T16:15:49 IST" duration-ms="31275">
      <class name="driverFactory.AppTest">
        <test-method is-config="true" signature="setUp()[pri:0, instance:driverFactory.AppTest@3cebbb30]" started-at="2024-03-04T16:15:18 IST" name="setUp" finished-at="2024-03-04T16:15:20 IST" duration-ms="2334" status="PASS">
          <reporter-output>
          </reporter-output>
        </test-method> <!-- setUp -->
        <test-method signature="startTest()[pri:0, instance:driverFactory.AppTest@3cebbb30]" started-at="2024-03-04T16:15:20 IST" name="startTest" finished-at="2024-03-04T16:15:49 IST" duration-ms="28743" status="PASS">
          <reporter-output>
            <line>
              <![CDATA[No of rows are::10]]>
            </line>
            <line>
              <![CDATA[Incorrect user ID or password-----dashboard--------http://webapp.qedgetech.com/login.php]]>
            </line>
            <line>
              <![CDATA[Incorrect user ID or password-----dashboard--------http://webapp.qedgetech.com/login.php]]>
            </line>
            <line>
              <![CDATA[Username and password are Valid::dashboard------http://webapp.qedgetech.com/dashboard.php]]>
            </line>
            <line>
              <![CDATA[Incorrect user ID or password-----dashboard--------http://webapp.qedgetech.com/login.php]]>
            </line>
            <line>
              <![CDATA[Username and password are Valid::dashboard------http://webapp.qedgetech.com/dashboard.php]]>
            </line>
            <line>
              <![CDATA[Incorrect user ID or password-----dashboard--------http://webapp.qedgetech.com/login.php]]>
            </line>
            <line>
              <![CDATA[Incorrect user ID or password-----dashboard--------http://webapp.qedgetech.com/login.php]]>
            </line>
            <line>
              <![CDATA[Username and password are Valid::dashboard------http://webapp.qedgetech.com/dashboard.php]]>
            </line>
            <line>
              <![CDATA[Username and password are Valid::dashboard------http://webapp.qedgetech.com/dashboard.php]]>
            </line>
            <line>
              <![CDATA[Username and password are Valid::dashboard------http://webapp.qedgetech.com/dashboard.php]]>
            </line>
          </reporter-output>
        </test-method> <!-- startTest -->
        <test-method is-config="true" signature="tearDown()[pri:0, instance:driverFactory.AppTest@3cebbb30]" started-at="2024-03-04T16:15:49 IST" name="tearDown" finished-at="2024-03-04T16:15:49 IST" duration-ms="162" status="PASS">
          <reporter-output>
          </reporter-output>
        </test-method> <!-- tearDown -->
      </class> <!-- driverFactory.AppTest -->
    </test> <!-- Default test -->
  </suite> <!-- Default suite -->
</testng-results>
